============================= test session starts ==============================
platform linux -- Python 3.11.15, pytest-9.0.3, pluggy-1.6.0 -- /usr/local/bin/python3
cachedir: .pytest_cache
rootdir: /home/user/robotic-surgeries/2030-pdac-1min/paper/codegen
configfile: pyproject.toml
collecting ... collected 13 items

tests/test_smoke.py::test_sensor_ingest_module_imports PASSED            [  7%]
tests/test_smoke.py::test_phase_for_time_boundaries PASSED               [ 15%]
tests/test_smoke.py::test_safety_zone_gate_clear PASSED                  [ 23%]
tests/test_smoke.py::test_safety_zone_gate_hard_stop_smv PASSED          [ 30%]
tests/test_smoke.py::test_composite_score_weights_sum_to_one PASSED      [ 38%]
tests/test_smoke.py::test_composite_score_pancrespeed_target FAILED      [ 46%]
tests/test_smoke.py::test_composite_score_dutch_human_baseline FAILED    [ 53%]
tests/test_smoke.py::test_daraxonrasib_serum_decay FAILED                [ 61%]
tests/test_smoke.py::test_daraxonrasib_advisory_uncomplicated PASSED     [ 69%]
tests/test_smoke.py::test_daraxonrasib_advisory_complicated PASSED       [ 76%]
tests/test_smoke.py::test_daraxonrasib_advisory_extended PASSED          [ 84%]
tests/test_smoke.py::test_xyz_command_phase_targets PASSED               [ 92%]
tests/test_smoke.py::test_latin_hypercube_determinism PASSED             [100%]

=================================== FAILURES ===================================
___________________ test_composite_score_pancrespeed_target ____________________

    def test_composite_score_pancrespeed_target() -> None:
        """PancreSpeed 1.0 entrant composite reaches 93.55."""
        from src.metrics.compute_1min import composite_score
        score = composite_score(95.0, 100.0, 80.0, 96.0, 92.0, 95.0)
>       assert math.isclose(score, 93.55, abs_tol=0.01)
E       assert False
E        +  where False = <built-in function isclose>(93.75, 93.55, abs_tol=0.01)
E        +    where <built-in function isclose> = math.isclose

tests/test_smoke.py:67: AssertionError
__________________ test_composite_score_dutch_human_baseline ___________________

    def test_composite_score_dutch_human_baseline() -> None:
        """Dutch human surgeon baseline composite reaches 56.05."""
        from src.metrics.compute_1min import composite_score
        score = composite_score(82.0, 8.0, 90.0, 80.0, 78.0, 82.0)
>       assert math.isclose(score, 56.05, abs_tol=0.01)
E       assert False
E        +  where False = <built-in function isclose>(67.9, 56.05, abs_tol=0.01)
E        +    where <built-in function isclose> = math.isclose

tests/test_smoke.py:74: AssertionError
________________________ test_daraxonrasib_serum_decay _________________________

    def test_daraxonrasib_serum_decay() -> None:
        """Two half life washout yields under 0.5 ng/mL trough threshold."""
        from src.daraxonrasib.trajectory import serum_at_time
        serum_at_2_half_lives = serum_at_time(72.0, 35.0)
>       assert serum_at_2_half_lives < 6.5
E       assert 8.75 < 6.5

tests/test_smoke.py:81: AssertionError
=========================== short test summary info ============================
FAILED tests/test_smoke.py::test_composite_score_pancrespeed_target - assert ...
FAILED tests/test_smoke.py::test_composite_score_dutch_human_baseline - asser...
FAILED tests/test_smoke.py::test_daraxonrasib_serum_decay - assert 8.75 < 6.5
========================= 3 failed, 10 passed in 0.06s =========================
